E0411 12:41:59.234817 25715 extract_features.cpp:85] Using GPU
E0411 12:41:59.235258 25715 extract_features.cpp:91] Using Device_id=0
E0411 12:42:00.613116 25715 extract_features.cpp:163] Extracting Features
E0411 12:42:00.645512 25715 extract_features.cpp:194] finish 0 images extracting features
E0411 12:42:04.236771 25715 extract_features.cpp:194] finish 1000 images extracting features
E0411 12:42:07.767637 25715 extract_features.cpp:194] finish 2000 images extracting features
E0411 12:42:11.882257 25715 extract_features.cpp:194] finish 3000 images extracting features
E0411 12:42:15.502840 25715 extract_features.cpp:194] finish 4000 images extracting features
E0411 12:42:19.171394 25715 extract_features.cpp:194] finish 5000 images extracting features
E0411 12:42:22.778043 25715 extract_features.cpp:194] finish 6000 images extracting features
E0411 12:42:26.403687 25715 extract_features.cpp:194] finish 7000 images extracting features
E0411 12:42:29.976052 25715 extract_features.cpp:194] finish 8000 images extracting features
E0411 12:42:33.871083 25715 extract_features.cpp:194] finish 9000 images extracting features
E0411 12:42:37.874327 25715 extract_features.cpp:194] finish 10000 images extracting features
E0411 12:42:41.669452 25715 extract_features.cpp:194] finish 11000 images extracting features
E0411 12:42:45.113037 25715 extract_features.cpp:194] finish 12000 images extracting features
E0411 12:42:48.582388 25715 extract_features.cpp:194] finish 13000 images extracting features
E0411 12:42:52.113993 25715 extract_features.cpp:194] finish 14000 images extracting features
E0411 12:42:56.009518 25715 extract_features.cpp:194] finish 15000 images extracting features
E0411 12:42:59.360878 25715 extract_features.cpp:194] finish 16000 images extracting features
E0411 12:43:02.735146 25715 extract_features.cpp:194] finish 17000 images extracting features
E0411 12:43:06.160241 25715 extract_features.cpp:194] finish 18000 images extracting features
E0411 12:43:09.827368 25715 extract_features.cpp:194] finish 19000 images extracting features
E0411 12:43:13.238399 25715 extract_features.cpp:194] finish 20000 images extracting features
E0411 12:43:16.587451 25715 extract_features.cpp:194] finish 21000 images extracting features
E0411 12:43:19.992096 25715 extract_features.cpp:194] finish 22000 images extracting features
E0411 12:43:23.444528 25715 extract_features.cpp:194] finish 23000 images extracting features
E0411 12:43:26.879638 25715 extract_features.cpp:194] finish 24000 images extracting features
E0411 12:43:31.016439 25715 extract_features.cpp:194] finish 25000 images extracting features
E0411 12:43:34.470137 25715 extract_features.cpp:194] finish 26000 images extracting features
E0411 12:43:38.164988 25715 extract_features.cpp:194] finish 27000 images extracting features
E0411 12:43:41.923429 25715 extract_features.cpp:194] finish 28000 images extracting features
E0411 12:43:45.773957 25715 extract_features.cpp:194] finish 29000 images extracting features
E0411 12:43:49.156689 25715 extract_features.cpp:194] finish 30000 images extracting features
E0411 12:43:52.823530 25715 extract_features.cpp:194] finish 31000 images extracting features
E0411 12:43:56.522935 25715 extract_features.cpp:194] finish 32000 images extracting features
E0411 12:44:00.102563 25715 extract_features.cpp:194] finish 33000 images extracting features
E0411 12:44:03.879209 25715 extract_features.cpp:194] finish 34000 images extracting features
E0411 12:44:07.381036 25715 extract_features.cpp:194] finish 35000 images extracting features
E0411 12:44:10.884207 25715 extract_features.cpp:194] finish 36000 images extracting features
E0411 12:44:14.914566 25715 extract_features.cpp:274] finish 0 images searching
E0411 12:44:18.076241 25715 extract_features.cpp:274] finish 100 images searching
E0411 12:44:21.242112 25715 extract_features.cpp:274] finish 200 images searching
E0411 12:44:24.402966 25715 extract_features.cpp:274] finish 300 images searching
E0411 12:44:27.574856 25715 extract_features.cpp:274] finish 400 images searching
E0411 12:44:30.754560 25715 extract_features.cpp:274] finish 500 images searching
E0411 12:44:33.927623 25715 extract_features.cpp:274] finish 600 images searching
E0411 12:44:37.111205 25715 extract_features.cpp:274] finish 700 images searching
E0411 12:44:40.274763 25715 extract_features.cpp:274] finish 800 images searching
E0411 12:44:43.438819 25715 extract_features.cpp:274] finish 900 images searching
E0411 12:44:46.603978 25715 extract_features.cpp:274] finish 1000 images searching
E0411 12:44:49.768637 25715 extract_features.cpp:274] finish 1100 images searching
E0411 12:44:52.942809 25715 extract_features.cpp:274] finish 1200 images searching
E0411 12:44:56.117368 25715 extract_features.cpp:274] finish 1300 images searching
E0411 12:44:59.292050 25715 extract_features.cpp:274] finish 1400 images searching
E0411 12:45:02.464763 25715 extract_features.cpp:274] finish 1500 images searching
E0411 12:45:05.634292 25715 extract_features.cpp:274] finish 1600 images searching
E0411 12:45:08.805135 25715 extract_features.cpp:274] finish 1700 images searching
E0411 12:45:11.972436 25715 extract_features.cpp:274] finish 1800 images searching
E0411 12:45:15.139842 25715 extract_features.cpp:274] finish 1900 images searching
E0411 12:45:18.307489 25715 extract_features.cpp:274] finish 2000 images searching
E0411 12:45:21.480229 25715 extract_features.cpp:274] finish 2100 images searching
E0411 12:45:24.669629 25715 extract_features.cpp:274] finish 2200 images searching
E0411 12:45:27.857921 25715 extract_features.cpp:274] finish 2300 images searching
E0411 12:45:31.047695 25715 extract_features.cpp:274] finish 2400 images searching
E0411 12:45:34.235064 25715 extract_features.cpp:274] finish 2500 images searching
E0411 12:45:37.423226 25715 extract_features.cpp:274] finish 2600 images searching
E0411 12:45:40.614886 25715 extract_features.cpp:274] finish 2700 images searching
E0411 12:45:43.802803 25715 extract_features.cpp:274] finish 2800 images searching
E0411 12:45:46.992792 25715 extract_features.cpp:274] finish 2900 images searching
E0411 12:45:50.182202 25715 extract_features.cpp:274] finish 3000 images searching
E0411 12:45:53.370504 25715 extract_features.cpp:274] finish 3100 images searching
E0411 12:45:56.560359 25715 extract_features.cpp:274] finish 3200 images searching
E0411 12:45:59.735841 25715 extract_features.cpp:274] finish 3300 images searching
E0411 12:46:02.911800 25715 extract_features.cpp:274] finish 3400 images searching
E0411 12:46:06.100303 25715 extract_features.cpp:274] finish 3500 images searching
E0411 12:46:09.279749 25715 extract_features.cpp:274] finish 3600 images searching
E0411 12:46:12.445962 25715 extract_features.cpp:274] finish 3700 images searching
E0411 12:46:15.628705 25715 extract_features.cpp:274] finish 3800 images searching
E0411 12:46:18.801983 25715 extract_features.cpp:274] finish 3900 images searching
E0411 12:46:21.966018 25715 extract_features.cpp:274] finish 4000 images searching
E0411 12:46:25.135602 25715 extract_features.cpp:274] finish 4100 images searching
E0411 12:46:28.299392 25715 extract_features.cpp:274] finish 4200 images searching
E0411 12:46:31.467784 25715 extract_features.cpp:274] finish 4300 images searching
E0411 12:46:34.634105 25715 extract_features.cpp:274] finish 4400 images searching
E0411 12:46:37.797654 25715 extract_features.cpp:274] finish 4500 images searching
E0411 12:46:40.963866 25715 extract_features.cpp:274] finish 4600 images searching
E0411 12:46:44.136361 25715 extract_features.cpp:274] finish 4700 images searching
E0411 12:46:47.320343 25715 extract_features.cpp:274] finish 4800 images searching
E0411 12:46:50.490092 25715 extract_features.cpp:274] finish 4900 images searching
E0411 12:46:53.662205 25715 extract_features.cpp:274] finish 5000 images searching
E0411 12:46:56.833242 25715 extract_features.cpp:274] finish 5100 images searching
E0411 12:47:00.011070 25715 extract_features.cpp:274] finish 5200 images searching
E0411 12:47:03.190927 25715 extract_features.cpp:274] finish 5300 images searching
E0411 12:47:06.364977 25715 extract_features.cpp:274] finish 5400 images searching
E0411 12:47:09.540423 25715 extract_features.cpp:274] finish 5500 images searching
E0411 12:47:12.711426 25715 extract_features.cpp:274] finish 5600 images searching
E0411 12:47:15.881553 25715 extract_features.cpp:274] finish 5700 images searching
E0411 12:47:19.055182 25715 extract_features.cpp:274] finish 5800 images searching
E0411 12:47:22.224830 25715 extract_features.cpp:274] finish 5900 images searching
E0411 12:47:25.398568 25715 extract_features.cpp:274] finish 6000 images searching
E0411 12:47:28.569942 25715 extract_features.cpp:274] finish 6100 images searching
E0411 12:47:31.742156 25715 extract_features.cpp:274] finish 6200 images searching
E0411 12:47:34.919165 25715 extract_features.cpp:274] finish 6300 images searching
E0411 12:47:38.092223 25715 extract_features.cpp:274] finish 6400 images searching
E0411 12:47:41.267619 25715 extract_features.cpp:274] finish 6500 images searching
E0411 12:47:44.442374 25715 extract_features.cpp:274] finish 6600 images searching
E0411 12:47:47.617251 25715 extract_features.cpp:274] finish 6700 images searching
E0411 12:47:50.794610 25715 extract_features.cpp:274] finish 6800 images searching
E0411 12:47:53.968766 25715 extract_features.cpp:274] finish 6900 images searching
E0411 12:47:57.144845 25715 extract_features.cpp:274] finish 7000 images searching
E0411 12:48:00.318145 25715 extract_features.cpp:274] finish 7100 images searching
E0411 12:48:03.493669 25715 extract_features.cpp:274] finish 7200 images searching
E0411 12:48:06.669867 25715 extract_features.cpp:274] finish 7300 images searching
E0411 12:48:09.840742 25715 extract_features.cpp:274] finish 7400 images searching
E0411 12:48:13.013700 25715 extract_features.cpp:274] finish 7500 images searching
E0411 12:48:16.185961 25715 extract_features.cpp:274] finish 7600 images searching
E0411 12:48:19.369495 25715 extract_features.cpp:274] finish 7700 images searching
E0411 12:48:22.559613 25715 extract_features.cpp:274] finish 7800 images searching
E0411 12:48:25.739441 25715 extract_features.cpp:274] finish 7900 images searching
E0411 12:48:28.912554 25715 extract_features.cpp:274] finish 8000 images searching
E0411 12:48:32.083118 25715 extract_features.cpp:274] finish 8100 images searching
E0411 12:48:35.251468 25715 extract_features.cpp:274] finish 8200 images searching
E0411 12:48:38.429409 25715 extract_features.cpp:274] finish 8300 images searching
E0411 12:48:41.594230 25715 extract_features.cpp:274] finish 8400 images searching
E0411 12:48:44.757570 25715 extract_features.cpp:274] finish 8500 images searching
E0411 12:48:47.921715 25715 extract_features.cpp:274] finish 8600 images searching
E0411 12:48:51.091533 25715 extract_features.cpp:274] finish 8700 images searching
E0411 12:48:54.260268 25715 extract_features.cpp:274] finish 8800 images searching
E0411 12:48:57.432610 25715 extract_features.cpp:274] finish 8900 images searching
E0411 12:49:00.601554 25715 extract_features.cpp:274] finish 9000 images searching
E0411 12:49:03.773627 25715 extract_features.cpp:274] finish 9100 images searching
E0411 12:49:06.943907 25715 extract_features.cpp:274] finish 9200 images searching
E0411 12:49:10.113039 25715 extract_features.cpp:274] finish 9300 images searching
E0411 12:49:13.284668 25715 extract_features.cpp:274] finish 9400 images searching
E0411 12:49:16.453387 25715 extract_features.cpp:274] finish 9500 images searching
E0411 12:49:19.623489 25715 extract_features.cpp:274] finish 9600 images searching
E0411 12:49:22.792781 25715 extract_features.cpp:274] finish 9700 images searching
E0411 12:49:25.961995 25715 extract_features.cpp:274] finish 9800 images searching
E0411 12:49:29.135501 25715 extract_features.cpp:274] finish 9900 images searching
E0411 12:49:32.306980 25715 extract_features.cpp:274] finish 10000 images searching
E0411 12:49:35.480741 25715 extract_features.cpp:274] finish 10100 images searching
E0411 12:49:38.653671 25715 extract_features.cpp:274] finish 10200 images searching
E0411 12:49:41.838150 25715 extract_features.cpp:274] finish 10300 images searching
E0411 12:49:45.031291 25715 extract_features.cpp:274] finish 10400 images searching
E0411 12:49:48.223402 25715 extract_features.cpp:274] finish 10500 images searching
E0411 12:49:51.400997 25715 extract_features.cpp:274] finish 10600 images searching
E0411 12:49:54.572569 25715 extract_features.cpp:274] finish 10700 images searching
E0411 12:49:57.745815 25715 extract_features.cpp:274] finish 10800 images searching
E0411 12:50:00.920611 25715 extract_features.cpp:274] finish 10900 images searching
E0411 12:50:04.092535 25715 extract_features.cpp:274] finish 11000 images searching
E0411 12:50:07.266129 25715 extract_features.cpp:274] finish 11100 images searching
E0411 12:50:10.437672 25715 extract_features.cpp:274] finish 11200 images searching
E0411 12:50:13.610532 25715 extract_features.cpp:274] finish 11300 images searching
E0411 12:50:16.807152 25715 extract_features.cpp:274] finish 11400 images searching
E0411 12:50:20.004582 25715 extract_features.cpp:274] finish 11500 images searching
E0411 12:50:23.204704 25715 extract_features.cpp:274] finish 11600 images searching
E0411 12:50:26.401991 25715 extract_features.cpp:274] finish 11700 images searching
E0411 12:50:29.601245 25715 extract_features.cpp:274] finish 11800 images searching
E0411 12:50:32.798805 25715 extract_features.cpp:274] finish 11900 images searching
E0411 12:50:35.999135 25715 extract_features.cpp:274] finish 12000 images searching
E0411 12:50:39.198688 25715 extract_features.cpp:274] finish 12100 images searching
E0411 12:50:42.397264 25715 extract_features.cpp:274] finish 12200 images searching
E0411 12:50:45.596143 25715 extract_features.cpp:274] finish 12300 images searching
E0411 12:50:48.793517 25715 extract_features.cpp:274] finish 12400 images searching
E0411 12:50:51.993916 25715 extract_features.cpp:274] finish 12500 images searching
E0411 12:50:55.192968 25715 extract_features.cpp:274] finish 12600 images searching
E0411 12:50:58.390866 25715 extract_features.cpp:274] finish 12700 images searching
E0411 12:51:01.567734 25715 extract_features.cpp:274] finish 12800 images searching
E0411 12:51:04.727771 25715 extract_features.cpp:274] finish 12900 images searching
E0411 12:51:07.891896 25715 extract_features.cpp:274] finish 13000 images searching
E0411 12:51:11.057435 25715 extract_features.cpp:274] finish 13100 images searching
E0411 12:51:14.222450 25715 extract_features.cpp:274] finish 13200 images searching
E0411 12:51:17.388945 25715 extract_features.cpp:274] finish 13300 images searching
E0411 12:51:20.563681 25715 extract_features.cpp:274] finish 13400 images searching
E0411 12:51:23.733804 25715 extract_features.cpp:274] finish 13500 images searching
E0411 12:51:26.900028 25715 extract_features.cpp:274] finish 13600 images searching
E0411 12:51:30.074672 25715 extract_features.cpp:274] finish 13700 images searching
E0411 12:51:33.267012 25715 extract_features.cpp:274] finish 13800 images searching
E0411 12:51:36.459019 25715 extract_features.cpp:274] finish 13900 images searching
E0411 12:51:39.637040 25715 extract_features.cpp:274] finish 14000 images searching
E0411 12:51:42.809484 25715 extract_features.cpp:274] finish 14100 images searching
E0411 12:51:45.983147 25715 extract_features.cpp:274] finish 14200 images searching
E0411 12:51:49.156615 25715 extract_features.cpp:274] finish 14300 images searching
E0411 12:51:52.325197 25715 extract_features.cpp:274] finish 14400 images searching
E0411 12:51:55.497999 25715 extract_features.cpp:274] finish 14500 images searching
E0411 12:51:58.670341 25715 extract_features.cpp:274] finish 14600 images searching
E0411 12:52:01.863272 25715 extract_features.cpp:274] finish 14700 images searching
E0411 12:52:05.057847 25715 extract_features.cpp:274] finish 14800 images searching
E0411 12:52:08.254659 25715 extract_features.cpp:274] finish 14900 images searching
E0411 12:52:11.452293 25715 extract_features.cpp:274] finish 15000 images searching
E0411 12:52:14.633635 25715 extract_features.cpp:274] finish 15100 images searching
E0411 12:52:17.817313 25715 extract_features.cpp:274] finish 15200 images searching
E0411 12:52:20.998325 25715 extract_features.cpp:274] finish 15300 images searching
E0411 12:52:24.180968 25715 extract_features.cpp:274] finish 15400 images searching
E0411 12:52:27.365335 25715 extract_features.cpp:274] finish 15500 images searching
E0411 12:52:30.546697 25715 extract_features.cpp:274] finish 15600 images searching
E0411 12:52:33.719597 25715 extract_features.cpp:274] finish 15700 images searching
E0411 12:52:36.890784 25715 extract_features.cpp:274] finish 15800 images searching
E0411 12:52:40.062700 25715 extract_features.cpp:274] finish 15900 images searching
E0411 12:52:43.236248 25715 extract_features.cpp:274] finish 16000 images searching
E0411 12:52:46.407356 25715 extract_features.cpp:274] finish 16100 images searching
E0411 12:52:49.579344 25715 extract_features.cpp:274] finish 16200 images searching
E0411 12:52:52.750003 25715 extract_features.cpp:274] finish 16300 images searching
E0411 12:52:55.926038 25715 extract_features.cpp:274] finish 16400 images searching
E0411 12:52:59.096808 25715 extract_features.cpp:274] finish 16500 images searching
E0411 12:53:02.290124 25715 extract_features.cpp:274] finish 16600 images searching
E0411 12:53:05.485692 25715 extract_features.cpp:274] finish 16700 images searching
E0411 12:53:08.669520 25715 extract_features.cpp:274] finish 16800 images searching
E0411 12:53:11.855615 25715 extract_features.cpp:274] finish 16900 images searching
E0411 12:53:15.035768 25715 extract_features.cpp:274] finish 17000 images searching
E0411 12:53:18.221873 25715 extract_features.cpp:274] finish 17100 images searching
E0411 12:53:21.406806 25715 extract_features.cpp:274] finish 17200 images searching
E0411 12:53:24.589447 25715 extract_features.cpp:274] finish 17300 images searching
E0411 12:53:27.761683 25715 extract_features.cpp:274] finish 17400 images searching
E0411 12:53:31.094964 25715 extract_features.cpp:274] finish 17500 images searching
E0411 12:53:34.282972 25715 extract_features.cpp:274] finish 17600 images searching
E0411 12:53:37.445502 25715 extract_features.cpp:274] finish 17700 images searching
E0411 12:53:40.605813 25715 extract_features.cpp:274] finish 17800 images searching
E0411 12:53:43.766252 25715 extract_features.cpp:274] finish 17900 images searching
E0411 12:53:46.937649 25715 extract_features.cpp:274] finish 18000 images searching
E0411 12:53:50.122259 25715 extract_features.cpp:274] finish 18100 images searching
E0411 12:53:53.310024 25715 extract_features.cpp:274] finish 18200 images searching
E0411 12:53:56.503260 25715 extract_features.cpp:274] finish 18300 images searching
E0411 12:53:59.692629 25715 extract_features.cpp:274] finish 18400 images searching
E0411 12:54:02.863668 25715 extract_features.cpp:274] finish 18500 images searching
E0411 12:54:06.040644 25715 extract_features.cpp:274] finish 18600 images searching
E0411 12:54:09.232267 25715 extract_features.cpp:274] finish 18700 images searching
E0411 12:54:12.424751 25715 extract_features.cpp:274] finish 18800 images searching
E0411 12:54:15.616437 25715 extract_features.cpp:274] finish 18900 images searching
E0411 12:54:18.805876 25715 extract_features.cpp:274] finish 19000 images searching
E0411 12:54:22.000802 25715 extract_features.cpp:274] finish 19100 images searching
E0411 12:54:25.197590 25715 extract_features.cpp:274] finish 19200 images searching
E0411 12:54:28.396082 25715 extract_features.cpp:274] finish 19300 images searching
E0411 12:54:31.626613 25715 extract_features.cpp:274] finish 19400 images searching
E0411 12:54:34.832819 25715 extract_features.cpp:274] finish 19500 images searching
E0411 12:54:38.016352 25715 extract_features.cpp:274] finish 19600 images searching
E0411 12:54:41.221675 25715 extract_features.cpp:274] finish 19700 images searching
E0411 12:54:44.421599 25715 extract_features.cpp:274] finish 19800 images searching
E0411 12:54:47.619976 25715 extract_features.cpp:274] finish 19900 images searching
E0411 12:54:50.818936 25715 extract_features.cpp:274] finish 20000 images searching
E0411 12:54:54.018195 25715 extract_features.cpp:274] finish 20100 images searching
E0411 12:54:57.212131 25715 extract_features.cpp:274] finish 20200 images searching
E0411 12:55:00.434342 25715 extract_features.cpp:274] finish 20300 images searching
E0411 12:55:03.606201 25715 extract_features.cpp:274] finish 20400 images searching
E0411 12:55:06.786602 25715 extract_features.cpp:274] finish 20500 images searching
E0411 12:55:09.963150 25715 extract_features.cpp:274] finish 20600 images searching
E0411 12:55:13.138481 25715 extract_features.cpp:274] finish 20700 images searching
E0411 12:55:16.317925 25715 extract_features.cpp:274] finish 20800 images searching
E0411 12:55:19.512542 25715 extract_features.cpp:274] finish 20900 images searching
E0411 12:55:22.706379 25715 extract_features.cpp:274] finish 21000 images searching
E0411 12:55:25.878799 25715 extract_features.cpp:274] finish 21100 images searching
E0411 12:55:29.062580 25715 extract_features.cpp:274] finish 21200 images searching
E0411 12:55:32.246634 25715 extract_features.cpp:274] finish 21300 images searching
E0411 12:55:35.481418 25715 extract_features.cpp:274] finish 21400 images searching
E0411 12:55:38.656155 25715 extract_features.cpp:274] finish 21500 images searching
E0411 12:55:41.834419 25715 extract_features.cpp:274] finish 21600 images searching
E0411 12:55:45.015175 25715 extract_features.cpp:274] finish 21700 images searching
E0411 12:55:48.184921 25715 extract_features.cpp:274] finish 21800 images searching
E0411 12:55:51.376829 25715 extract_features.cpp:274] finish 21900 images searching
E0411 12:55:54.599227 25715 extract_features.cpp:274] finish 22000 images searching
E0411 12:55:57.813127 25715 extract_features.cpp:274] finish 22100 images searching
E0411 12:56:01.005167 25715 extract_features.cpp:274] finish 22200 images searching
E0411 12:56:04.203186 25715 extract_features.cpp:274] finish 22300 images searching
E0411 12:56:07.396724 25715 extract_features.cpp:274] finish 22400 images searching
E0411 12:56:10.585889 25715 extract_features.cpp:274] finish 22500 images searching
E0411 12:56:13.776494 25715 extract_features.cpp:274] finish 22600 images searching
E0411 12:56:16.974755 25715 extract_features.cpp:274] finish 22700 images searching
E0411 12:56:20.168656 25715 extract_features.cpp:274] finish 22800 images searching
E0411 12:56:23.353180 25715 extract_features.cpp:274] finish 22900 images searching
E0411 12:56:26.532604 25715 extract_features.cpp:274] finish 23000 images searching
E0411 12:56:29.693730 25715 extract_features.cpp:274] finish 23100 images searching
E0411 12:56:32.869092 25715 extract_features.cpp:274] finish 23200 images searching
E0411 12:56:36.044538 25715 extract_features.cpp:274] finish 23300 images searching
E0411 12:56:39.214960 25715 extract_features.cpp:274] finish 23400 images searching
E0411 12:56:42.380933 25715 extract_features.cpp:274] finish 23500 images searching
E0411 12:56:45.543148 25715 extract_features.cpp:274] finish 23600 images searching
E0411 12:56:48.706599 25715 extract_features.cpp:274] finish 23700 images searching
E0411 12:56:51.877956 25715 extract_features.cpp:274] finish 23800 images searching
E0411 12:56:55.059293 25715 extract_features.cpp:274] finish 23900 images searching
E0411 12:56:58.227799 25715 extract_features.cpp:274] finish 24000 images searching
E0411 12:57:01.419611 25715 extract_features.cpp:274] finish 24100 images searching
E0411 12:57:04.600405 25715 extract_features.cpp:274] finish 24200 images searching
E0411 12:57:07.785632 25715 extract_features.cpp:274] finish 24300 images searching
E0411 12:57:10.966279 25715 extract_features.cpp:274] finish 24400 images searching
E0411 12:57:14.186924 25715 extract_features.cpp:274] finish 24500 images searching
E0411 12:57:17.380992 25715 extract_features.cpp:274] finish 24600 images searching
E0411 12:57:20.692293 25715 extract_features.cpp:274] finish 24700 images searching
E0411 12:57:23.929553 25715 extract_features.cpp:274] finish 24800 images searching
E0411 12:57:27.118281 25715 extract_features.cpp:274] finish 24900 images searching
E0411 12:57:30.325183 25715 extract_features.cpp:274] finish 25000 images searching
E0411 12:57:33.743777 25715 extract_features.cpp:274] finish 25100 images searching
E0411 12:57:36.926756 25715 extract_features.cpp:274] finish 25200 images searching
E0411 12:57:40.102738 25715 extract_features.cpp:274] finish 25300 images searching
E0411 12:57:43.278728 25715 extract_features.cpp:274] finish 25400 images searching
E0411 12:57:46.480324 25715 extract_features.cpp:274] finish 25500 images searching
E0411 12:57:49.672390 25715 extract_features.cpp:274] finish 25600 images searching
E0411 12:57:52.901155 25715 extract_features.cpp:274] finish 25700 images searching
E0411 12:57:56.117960 25715 extract_features.cpp:274] finish 25800 images searching
E0411 12:57:59.344228 25715 extract_features.cpp:274] finish 25900 images searching
E0411 12:58:02.540809 25715 extract_features.cpp:274] finish 26000 images searching
E0411 12:58:05.746315 25715 extract_features.cpp:274] finish 26100 images searching
E0411 12:58:08.925259 25715 extract_features.cpp:274] finish 26200 images searching
E0411 12:58:12.121414 25715 extract_features.cpp:274] finish 26300 images searching
E0411 12:58:15.321867 25715 extract_features.cpp:274] finish 26400 images searching
E0411 12:58:18.524689 25715 extract_features.cpp:274] finish 26500 images searching
E0411 12:58:21.717953 25715 extract_features.cpp:274] finish 26600 images searching
E0411 12:58:24.903004 25715 extract_features.cpp:274] finish 26700 images searching
E0411 12:58:28.086424 25715 extract_features.cpp:274] finish 26800 images searching
E0411 12:58:31.264082 25715 extract_features.cpp:274] finish 26900 images searching
E0411 12:58:34.433140 25715 extract_features.cpp:274] finish 27000 images searching
E0411 12:58:37.604930 25715 extract_features.cpp:274] finish 27100 images searching
E0411 12:58:40.771859 25715 extract_features.cpp:274] finish 27200 images searching
E0411 12:58:43.942977 25715 extract_features.cpp:274] finish 27300 images searching
E0411 12:58:47.105031 25715 extract_features.cpp:274] finish 27400 images searching
E0411 12:58:50.278414 25715 extract_features.cpp:274] finish 27500 images searching
E0411 12:58:53.440129 25715 extract_features.cpp:274] finish 27600 images searching
E0411 12:58:56.604658 25715 extract_features.cpp:274] finish 27700 images searching
E0411 12:58:59.768172 25715 extract_features.cpp:274] finish 27800 images searching
E0411 12:59:02.929781 25715 extract_features.cpp:274] finish 27900 images searching
E0411 12:59:06.091033 25715 extract_features.cpp:274] finish 28000 images searching
E0411 12:59:09.252715 25715 extract_features.cpp:274] finish 28100 images searching
E0411 12:59:12.418022 25715 extract_features.cpp:274] finish 28200 images searching
E0411 12:59:15.599042 25715 extract_features.cpp:274] finish 28300 images searching
E0411 12:59:18.778100 25715 extract_features.cpp:274] finish 28400 images searching
E0411 12:59:21.958482 25715 extract_features.cpp:274] finish 28500 images searching
E0411 12:59:25.135794 25715 extract_features.cpp:274] finish 28600 images searching
E0411 12:59:28.317888 25715 extract_features.cpp:274] finish 28700 images searching
E0411 12:59:31.498056 25715 extract_features.cpp:274] finish 28800 images searching
E0411 12:59:34.680732 25715 extract_features.cpp:274] finish 28900 images searching
E0411 12:59:37.854768 25715 extract_features.cpp:274] finish 29000 images searching
E0411 12:59:41.016746 25715 extract_features.cpp:274] finish 29100 images searching
E0411 12:59:44.179385 25715 extract_features.cpp:274] finish 29200 images searching
E0411 12:59:47.341840 25715 extract_features.cpp:274] finish 29300 images searching
E0411 12:59:50.506516 25715 extract_features.cpp:274] finish 29400 images searching
E0411 12:59:53.671459 25715 extract_features.cpp:274] finish 29500 images searching
E0411 12:59:56.832043 25715 extract_features.cpp:274] finish 29600 images searching
E0411 12:59:59.995867 25715 extract_features.cpp:274] finish 29700 images searching
E0411 13:00:03.157438 25715 extract_features.cpp:274] finish 29800 images searching
E0411 13:00:06.322854 25715 extract_features.cpp:274] finish 29900 images searching
E0411 13:00:09.518194 25715 extract_features.cpp:274] finish 30000 images searching
E0411 13:00:12.711711 25715 extract_features.cpp:274] finish 30100 images searching
E0411 13:00:15.906471 25715 extract_features.cpp:274] finish 30200 images searching
E0411 13:00:19.114774 25715 extract_features.cpp:274] finish 30300 images searching
E0411 13:00:22.326822 25715 extract_features.cpp:274] finish 30400 images searching
E0411 13:00:25.537020 25715 extract_features.cpp:274] finish 30500 images searching
E0411 13:00:28.745805 25715 extract_features.cpp:274] finish 30600 images searching
E0411 13:00:31.956291 25715 extract_features.cpp:274] finish 30700 images searching
E0411 13:00:35.166366 25715 extract_features.cpp:274] finish 30800 images searching
E0411 13:00:38.373128 25715 extract_features.cpp:274] finish 30900 images searching
E0411 13:00:41.564034 25715 extract_features.cpp:274] finish 31000 images searching
E0411 13:00:44.758427 25715 extract_features.cpp:274] finish 31100 images searching
E0411 13:00:47.952026 25715 extract_features.cpp:274] finish 31200 images searching
E0411 13:00:51.158957 25715 extract_features.cpp:274] finish 31300 images searching
E0411 13:00:54.367445 25715 extract_features.cpp:274] finish 31400 images searching
E0411 13:00:57.565142 25715 extract_features.cpp:274] finish 31500 images searching
E0411 13:01:00.765182 25715 extract_features.cpp:274] finish 31600 images searching
E0411 13:01:03.965306 25715 extract_features.cpp:274] finish 31700 images searching
E0411 13:01:07.157966 25715 extract_features.cpp:274] finish 31800 images searching
E0411 13:01:10.357245 25715 extract_features.cpp:274] finish 31900 images searching
E0411 13:01:13.579561 25715 extract_features.cpp:274] finish 32000 images searching
E0411 13:01:16.840617 25715 extract_features.cpp:274] finish 32100 images searching
E0411 13:01:20.019716 25715 extract_features.cpp:274] finish 32200 images searching
E0411 13:01:23.200227 25715 extract_features.cpp:274] finish 32300 images searching
E0411 13:01:26.380879 25715 extract_features.cpp:274] finish 32400 images searching
E0411 13:01:29.556821 25715 extract_features.cpp:274] finish 32500 images searching
E0411 13:01:32.734669 25715 extract_features.cpp:274] finish 32600 images searching
E0411 13:01:35.911103 25715 extract_features.cpp:274] finish 32700 images searching
E0411 13:01:39.090404 25715 extract_features.cpp:274] finish 32800 images searching
E0411 13:01:42.272132 25715 extract_features.cpp:274] finish 32900 images searching
E0411 13:01:45.450882 25715 extract_features.cpp:274] finish 33000 images searching
E0411 13:01:48.636904 25715 extract_features.cpp:274] finish 33100 images searching
E0411 13:01:51.817709 25715 extract_features.cpp:274] finish 33200 images searching
E0411 13:01:55.012567 25715 extract_features.cpp:274] finish 33300 images searching
E0411 13:01:58.201114 25715 extract_features.cpp:274] finish 33400 images searching
E0411 13:02:01.382745 25715 extract_features.cpp:274] finish 33500 images searching
E0411 13:02:04.562227 25715 extract_features.cpp:274] finish 33600 images searching
E0411 13:02:07.738840 25715 extract_features.cpp:274] finish 33700 images searching
E0411 13:02:10.927724 25715 extract_features.cpp:274] finish 33800 images searching
E0411 13:02:14.100414 25715 extract_features.cpp:274] finish 33900 images searching
E0411 13:02:17.267120 25715 extract_features.cpp:274] finish 34000 images searching
E0411 13:02:20.433676 25715 extract_features.cpp:274] finish 34100 images searching
E0411 13:02:23.599552 25715 extract_features.cpp:274] finish 34200 images searching
E0411 13:02:26.753911 25715 extract_features.cpp:274] finish 34300 images searching
E0411 13:02:29.906738 25715 extract_features.cpp:274] finish 34400 images searching
E0411 13:02:33.062968 25715 extract_features.cpp:274] finish 34500 images searching
E0411 13:02:36.215755 25715 extract_features.cpp:274] finish 34600 images searching
E0411 13:02:39.372464 25715 extract_features.cpp:274] finish 34700 images searching
E0411 13:02:42.528208 25715 extract_features.cpp:274] finish 34800 images searching
E0411 13:02:45.698061 25715 extract_features.cpp:274] finish 34900 images searching
E0411 13:02:48.864918 25715 extract_features.cpp:274] finish 35000 images searching
E0411 13:02:52.017823 25715 extract_features.cpp:274] finish 35100 images searching
E0411 13:02:55.209347 25715 extract_features.cpp:274] finish 35200 images searching
E0411 13:02:58.408084 25715 extract_features.cpp:274] finish 35300 images searching
E0411 13:03:01.588063 25715 extract_features.cpp:274] finish 35400 images searching
E0411 13:03:04.773176 25715 extract_features.cpp:274] finish 35500 images searching
E0411 13:03:07.953408 25715 extract_features.cpp:274] finish 35600 images searching
E0411 13:03:11.134431 25715 extract_features.cpp:274] finish 35700 images searching
E0411 13:03:14.305426 25715 extract_features.cpp:274] finish 35800 images searching
E0411 13:03:17.466984 25715 extract_features.cpp:274] finish 35900 images searching
E0411 13:03:20.635001 25715 extract_features.cpp:274] finish 36000 images searching
E0411 13:03:23.804010 25715 extract_features.cpp:274] finish 36100 images searching
E0411 13:03:26.982735 25715 extract_features.cpp:274] finish 36200 images searching
E0411 13:03:30.152011 25715 extract_features.cpp:274] finish 36300 images searching
E0411 13:03:33.323221 25715 extract_features.cpp:274] finish 36400 images searching
E0411 13:03:36.522629 25715 extract_features.cpp:274] finish 36500 images searching
E0411 13:03:39.719127 25715 extract_features.cpp:274] finish 36600 images searching
E0411 13:03:42.914876 25715 extract_features.cpp:274] finish 36700 images searching
E0411 13:03:43.109405 25715 extract_features.cpp:283] Extracted features of 36707 query images for feature blob fc8_hash_encode
E0411 13:03:43.109439 25715 extract_features.cpp:287] Successfully extracted the features!
