E0412 14:36:23.655644 10290 extract_features.cpp:85] Using GPU
E0412 14:36:23.655951 10290 extract_features.cpp:91] Using Device_id=0
E0412 14:36:25.633191 10290 extract_features.cpp:163] Extracting Features
E0412 14:36:25.847229 10290 extract_features.cpp:195] finish 0 images extracting features
E0412 14:36:29.157258 10290 extract_features.cpp:195] finish 1000 images extracting features
E0412 14:36:32.361732 10290 extract_features.cpp:195] finish 2000 images extracting features
E0412 14:36:35.556041 10290 extract_features.cpp:195] finish 3000 images extracting features
E0412 14:36:38.763047 10290 extract_features.cpp:195] finish 4000 images extracting features
E0412 14:36:41.962646 10290 extract_features.cpp:195] finish 5000 images extracting features
E0412 14:36:45.174731 10290 extract_features.cpp:195] finish 6000 images extracting features
E0412 14:36:48.381619 10290 extract_features.cpp:195] finish 7000 images extracting features
E0412 14:36:51.590020 10290 extract_features.cpp:195] finish 8000 images extracting features
E0412 14:36:54.797713 10290 extract_features.cpp:195] finish 9000 images extracting features
E0412 14:36:58.016041 10290 extract_features.cpp:195] finish 10000 images extracting features
E0412 14:37:01.232481 10290 extract_features.cpp:195] finish 11000 images extracting features
E0412 14:37:04.452807 10290 extract_features.cpp:195] finish 12000 images extracting features
E0412 14:37:07.662341 10290 extract_features.cpp:195] finish 13000 images extracting features
E0412 14:37:10.895845 10290 extract_features.cpp:195] finish 14000 images extracting features
E0412 14:37:14.120486 10290 extract_features.cpp:195] finish 15000 images extracting features
E0412 14:37:17.343735 10290 extract_features.cpp:195] finish 16000 images extracting features
E0412 14:37:20.583634 10290 extract_features.cpp:195] finish 17000 images extracting features
E0412 14:37:23.813315 10290 extract_features.cpp:195] finish 18000 images extracting features
E0412 14:37:27.062609 10290 extract_features.cpp:195] finish 19000 images extracting features
E0412 14:37:30.301156 10290 extract_features.cpp:195] finish 20000 images extracting features
E0412 14:37:33.540117 10290 extract_features.cpp:195] finish 21000 images extracting features
E0412 14:37:36.768086 10290 extract_features.cpp:195] finish 22000 images extracting features
E0412 14:37:40.000979 10290 extract_features.cpp:195] finish 23000 images extracting features
E0412 14:37:43.233574 10290 extract_features.cpp:195] finish 24000 images extracting features
E0412 14:37:46.466787 10290 extract_features.cpp:195] finish 25000 images extracting features
E0412 14:37:49.698681 10290 extract_features.cpp:195] finish 26000 images extracting features
E0412 14:37:52.931529 10290 extract_features.cpp:195] finish 27000 images extracting features
E0412 14:37:56.160697 10290 extract_features.cpp:195] finish 28000 images extracting features
E0412 14:37:59.397413 10290 extract_features.cpp:195] finish 29000 images extracting features
E0412 14:38:02.633054 10290 extract_features.cpp:195] finish 30000 images extracting features
E0412 14:38:05.877645 10290 extract_features.cpp:195] finish 31000 images extracting features
E0412 14:38:09.116241 10290 extract_features.cpp:195] finish 32000 images extracting features
E0412 14:38:12.349946 10290 extract_features.cpp:195] finish 33000 images extracting features
E0412 14:38:15.587812 10290 extract_features.cpp:195] finish 34000 images extracting features
E0412 14:38:18.826510 10290 extract_features.cpp:195] finish 35000 images extracting features
E0412 14:38:22.058136 10290 extract_features.cpp:195] finish 36000 images extracting features
E0412 14:38:28.649089 10290 extract_features.cpp:233] finish 0 images searching
E0412 14:42:38.136013 10290 extract_features.cpp:233] finish 100 images searching
E0412 14:46:47.076151 10290 extract_features.cpp:233] finish 200 images searching
E0412 14:50:56.377652 10290 extract_features.cpp:233] finish 300 images searching
E0412 14:55:06.394232 10290 extract_features.cpp:233] finish 400 images searching
E0412 14:59:15.691093 10290 extract_features.cpp:233] finish 500 images searching
E0412 15:03:25.253507 10290 extract_features.cpp:233] finish 600 images searching
E0412 15:07:34.088898 10290 extract_features.cpp:233] finish 700 images searching
E0412 15:11:43.185794 10290 extract_features.cpp:233] finish 800 images searching
E0412 15:15:52.078061 10290 extract_features.cpp:233] finish 900 images searching
E0412 15:20:01.529559 10290 extract_features.cpp:233] finish 1000 images searching
E0412 15:24:10.716150 10290 extract_features.cpp:233] finish 1100 images searching
E0412 15:28:19.428293 10290 extract_features.cpp:233] finish 1200 images searching
E0412 15:32:28.366325 10290 extract_features.cpp:233] finish 1300 images searching
E0412 15:36:37.280267 10290 extract_features.cpp:233] finish 1400 images searching
E0412 15:40:47.888515 10290 extract_features.cpp:233] finish 1500 images searching
E0412 15:44:59.204077 10290 extract_features.cpp:233] finish 1600 images searching
E0412 15:49:11.569406 10290 extract_features.cpp:233] finish 1700 images searching
E0412 15:53:22.830220 10290 extract_features.cpp:233] finish 1800 images searching
E0412 15:57:35.278626 10290 extract_features.cpp:233] finish 1900 images searching
E0412 16:01:48.001214 10290 extract_features.cpp:233] finish 2000 images searching
E0412 16:06:00.424141 10290 extract_features.cpp:233] finish 2100 images searching
E0412 16:10:13.430027 10290 extract_features.cpp:233] finish 2200 images searching
E0412 16:14:25.558913 10290 extract_features.cpp:233] finish 2300 images searching
E0412 16:18:37.597669 10290 extract_features.cpp:233] finish 2400 images searching
E0412 16:22:48.861165 10290 extract_features.cpp:233] finish 2500 images searching
E0412 16:27:00.813232 10290 extract_features.cpp:233] finish 2600 images searching
E0412 16:31:13.112764 10290 extract_features.cpp:233] finish 2700 images searching
E0412 16:35:25.819375 10290 extract_features.cpp:233] finish 2800 images searching
E0412 16:39:37.731614 10290 extract_features.cpp:233] finish 2900 images searching
E0412 16:43:50.806612 10290 extract_features.cpp:233] finish 3000 images searching
E0412 16:48:03.300124 10290 extract_features.cpp:233] finish 3100 images searching
E0412 16:52:15.897871 10290 extract_features.cpp:233] finish 3200 images searching
E0412 16:56:28.055069 10290 extract_features.cpp:233] finish 3300 images searching
E0412 17:00:39.629931 10290 extract_features.cpp:233] finish 3400 images searching
E0412 17:04:49.303943 10290 extract_features.cpp:233] finish 3500 images searching
E0412 17:08:58.283524 10290 extract_features.cpp:233] finish 3600 images searching
E0412 17:13:07.438771 10290 extract_features.cpp:233] finish 3700 images searching
E0412 17:17:16.225477 10290 extract_features.cpp:233] finish 3800 images searching
E0412 17:21:25.541363 10290 extract_features.cpp:233] finish 3900 images searching
E0412 17:25:34.760066 10290 extract_features.cpp:233] finish 4000 images searching
E0412 17:29:43.659042 10290 extract_features.cpp:233] finish 4100 images searching
E0412 17:33:52.851086 10290 extract_features.cpp:233] finish 4200 images searching
E0412 17:38:01.694754 10290 extract_features.cpp:233] finish 4300 images searching
E0412 17:42:10.851084 10290 extract_features.cpp:233] finish 4400 images searching
E0412 17:46:20.246067 10290 extract_features.cpp:233] finish 4500 images searching
E0412 17:50:29.309865 10290 extract_features.cpp:233] finish 4600 images searching
E0412 17:54:39.823863 10290 extract_features.cpp:233] finish 4700 images searching
E0412 17:58:49.186666 10290 extract_features.cpp:233] finish 4800 images searching
E0412 18:02:58.216586 10290 extract_features.cpp:233] finish 4900 images searching
E0412 18:07:07.475250 10290 extract_features.cpp:233] finish 5000 images searching
E0412 18:11:16.325011 10290 extract_features.cpp:233] finish 5100 images searching
E0412 18:15:25.604280 10290 extract_features.cpp:233] finish 5200 images searching
E0412 18:19:34.300777 10290 extract_features.cpp:233] finish 5300 images searching
E0412 18:23:43.280949 10290 extract_features.cpp:233] finish 5400 images searching
E0412 18:27:52.145977 10290 extract_features.cpp:233] finish 5500 images searching
E0412 18:32:01.904786 10290 extract_features.cpp:233] finish 5600 images searching
E0412 18:36:11.076448 10290 extract_features.cpp:233] finish 5700 images searching
E0412 18:40:20.022914 10290 extract_features.cpp:233] finish 5800 images searching
E0412 18:44:29.094106 10290 extract_features.cpp:233] finish 5900 images searching
E0412 18:48:37.937656 10290 extract_features.cpp:233] finish 6000 images searching
E0412 18:52:47.423323 10290 extract_features.cpp:233] finish 6100 images searching
E0412 18:56:56.608732 10290 extract_features.cpp:233] finish 6200 images searching
E0412 19:01:05.367290 10290 extract_features.cpp:233] finish 6300 images searching
E0412 19:05:14.462986 10290 extract_features.cpp:233] finish 6400 images searching
E0412 19:09:23.291112 10290 extract_features.cpp:233] finish 6500 images searching
E0412 19:13:32.610596 10290 extract_features.cpp:233] finish 6600 images searching
E0412 19:17:41.705602 10290 extract_features.cpp:233] finish 6700 images searching
E0412 19:21:50.872699 10290 extract_features.cpp:233] finish 6800 images searching
E0412 19:26:00.052119 10290 extract_features.cpp:233] finish 6900 images searching
E0412 19:30:09.007692 10290 extract_features.cpp:233] finish 7000 images searching
E0412 19:34:18.476687 10290 extract_features.cpp:233] finish 7100 images searching
E0412 19:38:27.462978 10290 extract_features.cpp:233] finish 7200 images searching
E0412 19:42:36.694838 10290 extract_features.cpp:233] finish 7300 images searching
E0412 19:46:45.955703 10290 extract_features.cpp:233] finish 7400 images searching
E0412 19:50:55.686269 10290 extract_features.cpp:233] finish 7500 images searching
E0412 19:55:05.114964 10290 extract_features.cpp:233] finish 7600 images searching
E0412 19:59:14.062090 10290 extract_features.cpp:233] finish 7700 images searching
E0412 20:03:23.393921 10290 extract_features.cpp:233] finish 7800 images searching
E0412 20:07:32.299049 10290 extract_features.cpp:233] finish 7900 images searching
E0412 20:11:41.285758 10290 extract_features.cpp:233] finish 8000 images searching
E0412 20:15:50.705518 10290 extract_features.cpp:233] finish 8100 images searching
E0412 20:19:59.689347 10290 extract_features.cpp:233] finish 8200 images searching
E0412 20:24:08.982758 10290 extract_features.cpp:233] finish 8300 images searching
E0412 20:28:17.919327 10290 extract_features.cpp:233] finish 8400 images searching
E0412 20:32:27.233425 10290 extract_features.cpp:233] finish 8500 images searching
E0412 20:36:36.592882 10290 extract_features.cpp:233] finish 8600 images searching
E0412 20:40:45.388527 10290 extract_features.cpp:233] finish 8700 images searching
E0412 20:44:54.754936 10290 extract_features.cpp:233] finish 8800 images searching
E0412 20:49:03.722877 10290 extract_features.cpp:233] finish 8900 images searching
E0412 20:53:12.860098 10290 extract_features.cpp:233] finish 9000 images searching
E0412 20:57:22.214850 10290 extract_features.cpp:233] finish 9100 images searching
E0412 21:01:31.124083 10290 extract_features.cpp:233] finish 9200 images searching
E0412 21:05:40.376804 10290 extract_features.cpp:233] finish 9300 images searching
E0412 21:09:49.202904 10290 extract_features.cpp:233] finish 9400 images searching
E0412 21:13:58.423202 10290 extract_features.cpp:233] finish 9500 images searching
E0412 21:18:07.229717 10290 extract_features.cpp:233] finish 9600 images searching
E0412 21:22:16.633147 10290 extract_features.cpp:233] finish 9700 images searching
E0412 21:26:26.072365 10290 extract_features.cpp:233] finish 9800 images searching
E0412 21:30:35.069377 10290 extract_features.cpp:233] finish 9900 images searching
E0412 21:34:44.239102 10290 extract_features.cpp:233] finish 10000 images searching
E0412 21:38:53.280517 10290 extract_features.cpp:233] finish 10100 images searching
E0412 21:43:02.825026 10290 extract_features.cpp:233] finish 10200 images searching
E0412 21:47:12.022908 10290 extract_features.cpp:233] finish 10300 images searching
E0412 21:51:20.988157 10290 extract_features.cpp:233] finish 10400 images searching
E0412 21:55:31.455886 10290 extract_features.cpp:233] finish 10500 images searching
E0412 21:59:41.550529 10290 extract_features.cpp:233] finish 10600 images searching
E0412 22:03:51.643646 10290 extract_features.cpp:233] finish 10700 images searching
E0412 22:08:00.742350 10290 extract_features.cpp:233] finish 10800 images searching
E0412 22:12:09.998755 10290 extract_features.cpp:233] finish 10900 images searching
E0412 22:16:19.392244 10290 extract_features.cpp:233] finish 11000 images searching
E0412 22:20:28.722874 10290 extract_features.cpp:233] finish 11100 images searching
E0412 22:24:38.455211 10290 extract_features.cpp:233] finish 11200 images searching
E0412 22:28:47.855455 10290 extract_features.cpp:233] finish 11300 images searching
E0412 22:32:57.085137 10290 extract_features.cpp:233] finish 11400 images searching
E0412 22:37:06.320274 10290 extract_features.cpp:233] finish 11500 images searching
E0412 22:41:15.084146 10290 extract_features.cpp:233] finish 11600 images searching
E0412 22:45:24.444032 10290 extract_features.cpp:233] finish 11700 images searching
E0412 22:49:33.238989 10290 extract_features.cpp:233] finish 11800 images searching
E0412 22:53:42.620919 10290 extract_features.cpp:233] finish 11900 images searching
E0412 22:57:51.957041 10290 extract_features.cpp:233] finish 12000 images searching
E0412 23:02:00.822877 10290 extract_features.cpp:233] finish 12100 images searching
E0412 23:06:19.157284 10290 extract_features.cpp:233] finish 12200 images searching
E0412 23:10:28.291762 10290 extract_features.cpp:233] finish 12300 images searching
E0412 23:14:37.559731 10290 extract_features.cpp:233] finish 12400 images searching
E0412 23:18:46.441311 10290 extract_features.cpp:233] finish 12500 images searching
E0412 23:22:55.796561 10290 extract_features.cpp:233] finish 12600 images searching
E0412 23:27:05.252853 10290 extract_features.cpp:233] finish 12700 images searching
E0412 23:31:14.440425 10290 extract_features.cpp:233] finish 12800 images searching
E0412 23:35:23.541400 10290 extract_features.cpp:233] finish 12900 images searching
E0412 23:39:32.985314 10290 extract_features.cpp:233] finish 13000 images searching
E0412 23:43:43.884152 10290 extract_features.cpp:233] finish 13100 images searching
E0412 23:47:55.728859 10290 extract_features.cpp:233] finish 13200 images searching
E0412 23:52:04.642096 10290 extract_features.cpp:233] finish 13300 images searching
E0412 23:56:13.741152 10290 extract_features.cpp:233] finish 13400 images searching
E0413 00:00:22.654230 10290 extract_features.cpp:233] finish 13500 images searching
E0413 00:04:31.750435 10290 extract_features.cpp:233] finish 13600 images searching
E0413 00:08:40.738595 10290 extract_features.cpp:233] finish 13700 images searching
E0413 00:12:50.122447 10290 extract_features.cpp:233] finish 13800 images searching
E0413 00:16:59.733410 10290 extract_features.cpp:233] finish 13900 images searching
E0413 00:21:08.417244 10290 extract_features.cpp:233] finish 14000 images searching
E0413 00:25:17.653055 10290 extract_features.cpp:233] finish 14100 images searching
E0413 00:29:26.604533 10290 extract_features.cpp:233] finish 14200 images searching
E0413 00:33:35.940690 10290 extract_features.cpp:233] finish 14300 images searching
E0413 00:37:45.153884 10290 extract_features.cpp:233] finish 14400 images searching
E0413 00:41:54.188879 10290 extract_features.cpp:233] finish 14500 images searching
E0413 00:46:03.425267 10290 extract_features.cpp:233] finish 14600 images searching
E0413 00:50:12.352349 10290 extract_features.cpp:233] finish 14700 images searching
E0413 00:54:21.731377 10290 extract_features.cpp:233] finish 14800 images searching
E0413 00:58:31.026340 10290 extract_features.cpp:233] finish 14900 images searching
E0413 01:02:39.986469 10290 extract_features.cpp:233] finish 15000 images searching
E0413 01:06:49.040169 10290 extract_features.cpp:233] finish 15100 images searching
E0413 01:10:57.911897 10290 extract_features.cpp:233] finish 15200 images searching
E0413 01:15:07.498576 10290 extract_features.cpp:233] finish 15300 images searching
E0413 01:19:16.455015 10290 extract_features.cpp:233] finish 15400 images searching
E0413 01:23:25.723021 10290 extract_features.cpp:233] finish 15500 images searching
E0413 01:27:34.889708 10290 extract_features.cpp:233] finish 15600 images searching
E0413 01:31:43.856238 10290 extract_features.cpp:233] finish 15700 images searching
E0413 01:35:53.137111 10290 extract_features.cpp:233] finish 15800 images searching
E0413 01:40:02.011119 10290 extract_features.cpp:233] finish 15900 images searching
E0413 01:44:11.195670 10290 extract_features.cpp:233] finish 16000 images searching
E0413 01:48:20.334009 10290 extract_features.cpp:233] finish 16100 images searching
E0413 01:52:29.395381 10290 extract_features.cpp:233] finish 16200 images searching
E0413 01:56:38.888888 10290 extract_features.cpp:233] finish 16300 images searching
E0413 02:00:47.822816 10290 extract_features.cpp:233] finish 16400 images searching
E0413 02:04:56.990833 10290 extract_features.cpp:233] finish 16500 images searching
E0413 02:09:05.855798 10290 extract_features.cpp:233] finish 16600 images searching
E0413 02:13:15.092552 10290 extract_features.cpp:233] finish 16700 images searching
E0413 02:17:24.569759 10290 extract_features.cpp:233] finish 16800 images searching
E0413 02:21:33.784070 10290 extract_features.cpp:233] finish 16900 images searching
E0413 02:25:43.091667 10290 extract_features.cpp:233] finish 17000 images searching
E0413 02:29:52.172251 10290 extract_features.cpp:233] finish 17100 images searching
E0413 02:34:01.550496 10290 extract_features.cpp:233] finish 17200 images searching
E0413 02:38:10.936149 10290 extract_features.cpp:233] finish 17300 images searching
E0413 02:42:19.637712 10290 extract_features.cpp:233] finish 17400 images searching
E0413 02:46:29.014853 10290 extract_features.cpp:233] finish 17500 images searching
E0413 02:50:38.133349 10290 extract_features.cpp:233] finish 17600 images searching
E0413 02:54:47.582363 10290 extract_features.cpp:233] finish 17700 images searching
E0413 02:58:56.794374 10290 extract_features.cpp:233] finish 17800 images searching
E0413 03:03:05.936084 10290 extract_features.cpp:233] finish 17900 images searching
E0413 03:07:15.340484 10290 extract_features.cpp:233] finish 18000 images searching
E0413 03:11:24.379092 10290 extract_features.cpp:233] finish 18100 images searching
E0413 03:15:33.567625 10290 extract_features.cpp:233] finish 18200 images searching
E0413 03:19:42.454452 10290 extract_features.cpp:233] finish 18300 images searching
E0413 03:23:51.858283 10290 extract_features.cpp:233] finish 18400 images searching
E0413 03:28:01.173722 10290 extract_features.cpp:233] finish 18500 images searching
E0413 03:32:10.036231 10290 extract_features.cpp:233] finish 18600 images searching
E0413 03:36:19.181469 10290 extract_features.cpp:233] finish 18700 images searching
E0413 03:40:28.028472 10290 extract_features.cpp:233] finish 18800 images searching
E0413 03:44:37.527781 10290 extract_features.cpp:233] finish 18900 images searching
E0413 03:48:46.700975 10290 extract_features.cpp:233] finish 19000 images searching
E0413 03:52:55.639616 10290 extract_features.cpp:233] finish 19100 images searching
E0413 03:57:04.783255 10290 extract_features.cpp:233] finish 19200 images searching
E0413 04:01:13.775655 10290 extract_features.cpp:233] finish 19300 images searching
E0413 04:05:23.263608 10290 extract_features.cpp:233] finish 19400 images searching
E0413 04:09:32.231945 10290 extract_features.cpp:233] finish 19500 images searching
E0413 04:13:41.547801 10290 extract_features.cpp:233] finish 19600 images searching
E0413 04:17:50.769256 10290 extract_features.cpp:233] finish 19700 images searching
E0413 04:21:59.742046 10290 extract_features.cpp:233] finish 19800 images searching
E0413 04:26:09.153266 10290 extract_features.cpp:233] finish 19900 images searching
E0413 04:30:18.108799 10290 extract_features.cpp:233] finish 20000 images searching
E0413 04:34:27.500699 10290 extract_features.cpp:233] finish 20100 images searching
E0413 04:38:36.813158 10290 extract_features.cpp:233] finish 20200 images searching
E0413 04:42:45.722600 10290 extract_features.cpp:233] finish 20300 images searching
E0413 04:46:55.121026 10290 extract_features.cpp:233] finish 20400 images searching
E0413 04:51:04.395123 10290 extract_features.cpp:233] finish 20500 images searching
E0413 04:55:13.580225 10290 extract_features.cpp:233] finish 20600 images searching
E0413 04:59:22.770668 10290 extract_features.cpp:233] finish 20700 images searching
E0413 05:03:31.723583 10290 extract_features.cpp:233] finish 20800 images searching
E0413 05:07:41.051867 10290 extract_features.cpp:233] finish 20900 images searching
E0413 05:11:49.844779 10290 extract_features.cpp:233] finish 21000 images searching
E0413 05:15:59.118041 10290 extract_features.cpp:233] finish 21100 images searching
E0413 05:20:08.056329 10290 extract_features.cpp:233] finish 21200 images searching
E0413 05:24:17.157676 10290 extract_features.cpp:233] finish 21300 images searching
E0413 05:28:26.582456 10290 extract_features.cpp:233] finish 21400 images searching
E0413 05:32:35.511729 10290 extract_features.cpp:233] finish 21500 images searching
E0413 05:36:44.799408 10290 extract_features.cpp:233] finish 21600 images searching
E0413 05:40:53.692209 10290 extract_features.cpp:233] finish 21700 images searching
E0413 05:45:02.787391 10290 extract_features.cpp:233] finish 21800 images searching
E0413 05:49:12.043483 10290 extract_features.cpp:233] finish 21900 images searching
E0413 05:53:20.811058 10290 extract_features.cpp:233] finish 22000 images searching
E0413 05:57:29.998869 10290 extract_features.cpp:233] finish 22100 images searching
E0413 06:01:39.425081 10290 extract_features.cpp:233] finish 22200 images searching
E0413 06:05:48.930068 10290 extract_features.cpp:233] finish 22300 images searching
E0413 06:09:58.020800 10290 extract_features.cpp:233] finish 22400 images searching
E0413 06:14:07.585404 10290 extract_features.cpp:233] finish 22500 images searching
E0413 06:18:16.799397 10290 extract_features.cpp:233] finish 22600 images searching
E0413 06:22:25.611409 10290 extract_features.cpp:233] finish 22700 images searching
E0413 06:26:34.883853 10290 extract_features.cpp:233] finish 22800 images searching
E0413 06:30:43.865450 10290 extract_features.cpp:233] finish 22900 images searching
E0413 06:34:53.243566 10290 extract_features.cpp:233] finish 23000 images searching
E0413 06:39:02.487905 10290 extract_features.cpp:233] finish 23100 images searching
E0413 06:43:11.400326 10290 extract_features.cpp:233] finish 23200 images searching
E0413 06:47:20.499951 10290 extract_features.cpp:233] finish 23300 images searching
E0413 06:51:29.384862 10290 extract_features.cpp:233] finish 23400 images searching
E0413 06:55:38.825531 10290 extract_features.cpp:233] finish 23500 images searching
E0413 06:59:47.844136 10290 extract_features.cpp:233] finish 23600 images searching
E0413 07:03:56.991309 10290 extract_features.cpp:233] finish 23700 images searching
E0413 07:08:06.311180 10290 extract_features.cpp:233] finish 23800 images searching
E0413 07:12:15.270670 10290 extract_features.cpp:233] finish 23900 images searching
E0413 07:16:24.797461 10290 extract_features.cpp:233] finish 24000 images searching
E0413 07:20:33.889946 10290 extract_features.cpp:233] finish 24100 images searching
E0413 07:24:42.989501 10290 extract_features.cpp:233] finish 24200 images searching
E0413 07:28:52.148355 10290 extract_features.cpp:233] finish 24300 images searching
E0413 07:33:00.999820 10290 extract_features.cpp:233] finish 24400 images searching
E0413 07:37:11.671088 10290 extract_features.cpp:233] finish 24500 images searching
E0413 07:41:21.240819 10290 extract_features.cpp:233] finish 24600 images searching
E0413 07:45:30.680986 10290 extract_features.cpp:233] finish 24700 images searching
E0413 07:49:40.021668 10290 extract_features.cpp:233] finish 24800 images searching
E0413 07:53:48.812872 10290 extract_features.cpp:233] finish 24900 images searching
E0413 07:57:58.443434 10290 extract_features.cpp:233] finish 25000 images searching
E0413 08:02:07.444557 10290 extract_features.cpp:233] finish 25100 images searching
E0413 08:06:16.703510 10290 extract_features.cpp:233] finish 25200 images searching
E0413 08:10:25.452359 10290 extract_features.cpp:233] finish 25300 images searching
E0413 08:14:34.647866 10290 extract_features.cpp:233] finish 25400 images searching
E0413 08:18:44.067097 10290 extract_features.cpp:233] finish 25500 images searching
E0413 08:22:53.099200 10290 extract_features.cpp:233] finish 25600 images searching
E0413 08:27:02.285256 10290 extract_features.cpp:233] finish 25700 images searching
E0413 08:31:11.146615 10290 extract_features.cpp:233] finish 25800 images searching
E0413 08:35:20.284987 10290 extract_features.cpp:233] finish 25900 images searching
E0413 08:39:29.557044 10290 extract_features.cpp:233] finish 26000 images searching
E0413 08:43:38.433061 10290 extract_features.cpp:233] finish 26100 images searching
E0413 08:47:47.625491 10290 extract_features.cpp:233] finish 26200 images searching
E0413 08:51:56.538007 10290 extract_features.cpp:233] finish 26300 images searching
E0413 08:56:05.777515 10290 extract_features.cpp:233] finish 26400 images searching
E0413 09:00:15.228838 10290 extract_features.cpp:233] finish 26500 images searching
E0413 09:04:27.329638 10290 extract_features.cpp:233] finish 26600 images searching
E0413 09:08:37.235313 10290 extract_features.cpp:233] finish 26700 images searching
E0413 09:12:47.351845 10290 extract_features.cpp:233] finish 26800 images searching
E0413 09:16:58.424943 10290 extract_features.cpp:233] finish 26900 images searching
E0413 09:21:08.181577 10290 extract_features.cpp:233] finish 27000 images searching
E0413 09:25:18.763990 10290 extract_features.cpp:233] finish 27100 images searching
E0413 09:29:29.027290 10290 extract_features.cpp:233] finish 27200 images searching
E0413 09:33:38.730309 10290 extract_features.cpp:233] finish 27300 images searching
E0413 09:37:48.793315 10290 extract_features.cpp:233] finish 27400 images searching
E0413 09:41:58.203541 10290 extract_features.cpp:233] finish 27500 images searching
E0413 09:46:08.121801 10290 extract_features.cpp:233] finish 27600 images searching
E0413 09:50:18.307238 10290 extract_features.cpp:233] finish 27700 images searching
E0413 09:54:27.502192 10290 extract_features.cpp:233] finish 27800 images searching
E0413 09:58:37.526708 10290 extract_features.cpp:233] finish 27900 images searching
E0413 10:02:47.852533 10290 extract_features.cpp:233] finish 28000 images searching
E0413 10:06:58.713053 10290 extract_features.cpp:233] finish 28100 images searching
E0413 10:11:09.056231 10290 extract_features.cpp:233] finish 28200 images searching
E0413 10:15:19.544150 10290 extract_features.cpp:233] finish 28300 images searching
E0413 10:19:29.005000 10290 extract_features.cpp:233] finish 28400 images searching
E0413 10:23:38.201915 10290 extract_features.cpp:233] finish 28500 images searching
E0413 10:27:48.032788 10290 extract_features.cpp:233] finish 28600 images searching
E0413 10:31:57.387805 10290 extract_features.cpp:233] finish 28700 images searching
E0413 10:36:07.318193 10290 extract_features.cpp:233] finish 28800 images searching
E0413 10:40:17.636027 10290 extract_features.cpp:233] finish 28900 images searching
E0413 10:44:27.928400 10290 extract_features.cpp:233] finish 29000 images searching
E0413 10:48:38.393620 10290 extract_features.cpp:233] finish 29100 images searching
E0413 10:52:48.076309 10290 extract_features.cpp:233] finish 29200 images searching
E0413 10:56:57.693778 10290 extract_features.cpp:233] finish 29300 images searching
E0413 11:01:06.614917 10290 extract_features.cpp:233] finish 29400 images searching
E0413 11:05:16.237895 10290 extract_features.cpp:233] finish 29500 images searching
E0413 11:09:26.512416 10290 extract_features.cpp:233] finish 29600 images searching
E0413 11:13:36.086787 10290 extract_features.cpp:233] finish 29700 images searching
E0413 11:17:46.368077 10290 extract_features.cpp:233] finish 29800 images searching
E0413 11:21:56.286648 10290 extract_features.cpp:233] finish 29900 images searching
E0413 11:26:06.798413 10290 extract_features.cpp:233] finish 30000 images searching
E0413 11:30:18.659185 10290 extract_features.cpp:233] finish 30100 images searching
E0413 11:34:27.878319 10290 extract_features.cpp:233] finish 30200 images searching
E0413 11:38:37.881139 10290 extract_features.cpp:233] finish 30300 images searching
E0413 11:42:48.944387 10290 extract_features.cpp:233] finish 30400 images searching
E0413 11:46:59.790452 10290 extract_features.cpp:233] finish 30500 images searching
E0413 11:51:09.901998 10290 extract_features.cpp:233] finish 30600 images searching
E0413 11:55:19.306802 10290 extract_features.cpp:233] finish 30700 images searching
E0413 11:59:28.541862 10290 extract_features.cpp:233] finish 30800 images searching
E0413 12:03:37.842543 10290 extract_features.cpp:233] finish 30900 images searching
E0413 12:07:47.352388 10290 extract_features.cpp:233] finish 31000 images searching
E0413 12:11:56.090935 10290 extract_features.cpp:233] finish 31100 images searching
E0413 12:16:05.345839 10290 extract_features.cpp:233] finish 31200 images searching
E0413 12:20:14.395848 10290 extract_features.cpp:233] finish 31300 images searching
E0413 12:24:23.188427 10290 extract_features.cpp:233] finish 31400 images searching
E0413 12:28:32.320631 10290 extract_features.cpp:233] finish 31500 images searching
E0413 12:32:41.172482 10290 extract_features.cpp:233] finish 31600 images searching
E0413 12:36:50.443979 10290 extract_features.cpp:233] finish 31700 images searching
E0413 12:40:59.504277 10290 extract_features.cpp:233] finish 31800 images searching
E0413 12:45:08.408787 10290 extract_features.cpp:233] finish 31900 images searching
E0413 12:49:17.437875 10290 extract_features.cpp:233] finish 32000 images searching
E0413 12:53:26.231185 10290 extract_features.cpp:233] finish 32100 images searching
E0413 12:57:35.504084 10290 extract_features.cpp:233] finish 32200 images searching
E0413 13:01:44.155890 10290 extract_features.cpp:233] finish 32300 images searching
E0413 13:05:53.198916 10290 extract_features.cpp:233] finish 32400 images searching
E0413 13:10:02.171300 10290 extract_features.cpp:233] finish 32500 images searching
E0413 13:14:11.010895 10290 extract_features.cpp:233] finish 32600 images searching
E0413 13:18:20.234253 10290 extract_features.cpp:233] finish 32700 images searching
E0413 13:22:28.920403 10290 extract_features.cpp:233] finish 32800 images searching
E0413 13:26:38.162748 10290 extract_features.cpp:233] finish 32900 images searching
E0413 13:30:47.273000 10290 extract_features.cpp:233] finish 33000 images searching
E0413 13:34:56.301121 10290 extract_features.cpp:233] finish 33100 images searching
E0413 13:39:06.259018 10290 extract_features.cpp:233] finish 33200 images searching
E0413 13:43:15.159886 10290 extract_features.cpp:233] finish 33300 images searching
E0413 13:47:24.352383 10290 extract_features.cpp:233] finish 33400 images searching
E0413 13:51:33.215770 10290 extract_features.cpp:233] finish 33500 images searching
E0413 13:55:42.428992 10290 extract_features.cpp:233] finish 33600 images searching
E0413 13:59:51.659505 10290 extract_features.cpp:233] finish 33700 images searching
E0413 14:04:00.488605 10290 extract_features.cpp:233] finish 33800 images searching
E0413 14:08:12.512004 10290 extract_features.cpp:233] finish 33900 images searching
E0413 14:12:21.554880 10290 extract_features.cpp:233] finish 34000 images searching
E0413 14:16:33.995513 10290 extract_features.cpp:233] finish 34100 images searching
E0413 14:20:43.156607 10290 extract_features.cpp:233] finish 34200 images searching
E0413 14:24:51.928634 10290 extract_features.cpp:233] finish 34300 images searching
E0413 14:29:01.020637 10290 extract_features.cpp:233] finish 34400 images searching
E0413 14:33:09.729238 10290 extract_features.cpp:233] finish 34500 images searching
E0413 14:37:19.015866 10290 extract_features.cpp:233] finish 34600 images searching
E0413 14:41:29.831769 10290 extract_features.cpp:233] finish 34700 images searching
E0413 14:45:42.993582 10290 extract_features.cpp:233] finish 34800 images searching
E0413 14:49:54.360252 10290 extract_features.cpp:233] finish 34900 images searching
E0413 14:54:04.874579 10290 extract_features.cpp:233] finish 35000 images searching
E0413 14:58:15.820499 10290 extract_features.cpp:233] finish 35100 images searching
E0413 15:02:27.270509 10290 extract_features.cpp:233] finish 35200 images searching
E0413 15:06:39.422473 10290 extract_features.cpp:233] finish 35300 images searching
E0413 15:10:51.278851 10290 extract_features.cpp:233] finish 35400 images searching
E0413 15:15:02.660214 10290 extract_features.cpp:233] finish 35500 images searching
E0413 15:19:13.999631 10290 extract_features.cpp:233] finish 35600 images searching
E0413 15:23:25.711568 10290 extract_features.cpp:233] finish 35700 images searching
E0413 15:27:37.584385 10290 extract_features.cpp:233] finish 35800 images searching
E0413 15:31:48.863636 10290 extract_features.cpp:233] finish 35900 images searching
E0413 15:35:59.998215 10290 extract_features.cpp:233] finish 36000 images searching
E0413 15:40:10.570240 10290 extract_features.cpp:233] finish 36100 images searching
E0413 15:44:21.449770 10290 extract_features.cpp:233] finish 36200 images searching
E0413 15:48:33.667791 10290 extract_features.cpp:233] finish 36300 images searching
E0413 15:52:45.047963 10290 extract_features.cpp:233] finish 36400 images searching
E0413 15:56:55.738348 10290 extract_features.cpp:233] finish 36500 images searching
E0413 16:01:06.691305 10290 extract_features.cpp:233] finish 36600 images searching
E0413 16:05:17.602737 10290 extract_features.cpp:233] finish 36700 images searching
E0413 16:05:32.624538 10290 extract_features.cpp:284] Extracted features of 36707 query images for feature blob fc7
